<?xml version="1.0" encoding="UTF-8"?>
<!-- Generated by org.testng.reporters.JUnitReportReporter -->
<testsuite skipped="0" hostname="DESKTOP-A6VJE5V" name="com.tests.AppiumTest" tests="1" failures="0" timestamp="2020-04-21T16:11:43 IST" time="0.006" errors="0">
  <testcase name="openBrowser" time="0.006" classname="com.tests.AppiumTest"/>
  <system-out/>
</testsuite> <!-- com.tests.AppiumTest -->
